  Урок 5.cpp
C:\Users\User\Desktop\Програмирование\gb c++\Четверть 2\ООП на примере C++\Урок 5\Урок 5\Урок 5.cpp(55,1): error C2991: переопределение параметра шаблон "T2"
C:\Users\User\Desktop\Програмирование\gb c++\Четверть 2\ООП на примере C++\Урок 5\Урок 5\Урок 5.cpp(55): message : см. объявление "T2"
C:\Users\User\Desktop\Програмирование\gb c++\Четверть 2\ООП на примере C++\Урок 5\Урок 5\Урок 5.cpp(59,8): error C3646: _second: неизвестный спецификатор переопределения
C:\Users\User\Desktop\Програмирование\gb c++\Четверть 2\ООП на примере C++\Урок 5\Урок 5\Урок 5.cpp(72): message : выполняется компиляция ссылки на экземпляр класс шаблон функции "Pair2<T2>"
C:\Users\User\Desktop\Програмирование\gb c++\Четверть 2\ООП на примере C++\Урок 5\Урок 5\Урок 5.cpp(59,1): error C4430: отсутствует спецификатор типа - предполагается int. Примечание. C++ не поддерживает int по умолчанию
C:\Users\User\Desktop\Програмирование\gb c++\Четверть 2\ООП на примере C++\Урок 5\Урок 5\Урок 5.cpp(60,10): error C2062: тип "char" не требуется
C:\Users\User\Desktop\Програмирование\gb c++\Четверть 2\ООП на примере C++\Урок 5\Урок 5\Урок 5.cpp(61,1): error C2334: непредвиденные лексемы перед "{"; пропуск вероятного тела функции
C:\Users\User\Desktop\Програмирование\gb c++\Четверть 2\ООП на примере C++\Урок 5\Урок 5\Урок 5.cpp(68,8): error C3646: second: неизвестный спецификатор переопределения
C:\Users\User\Desktop\Програмирование\gb c++\Четверть 2\ООП на примере C++\Урок 5\Урок 5\Урок 5.cpp(68,14): error C2059: синтаксическая ошибка: (
C:\Users\User\Desktop\Програмирование\gb c++\Четверть 2\ООП на примере C++\Урок 5\Урок 5\Урок 5.cpp(69,1): error C2334: непредвиденные лексемы перед "{"; пропуск вероятного тела функции
C:\Users\User\Desktop\Програмирование\gb c++\Четверть 2\ООП на примере C++\Урок 5\Урок 5\Урок 5.cpp(66,16): error C3861: T1: идентификатор не найден
C:\Users\User\Desktop\Програмирование\gb c++\Четверть 2\ООП на примере C++\Урок 5\Урок 5\Урок 5.cpp(94,32): error C2923: Pair: "T1" не является допустимым аргументом типа шаблон для параметра "T1"
C:\Users\User\Desktop\Програмирование\gb c++\Четверть 2\ООП на примере C++\Урок 5\Урок 5\Урок 5.cpp(93): message : см. объявление "T1"
C:\Users\User\Desktop\Програмирование\gb c++\Четверть 2\ООП на примере C++\Урок 5\Урок 5\Урок 5.cpp(101): message : выполняется компиляция ссылки на экземпляр класс шаблон функции "StringValuePair<T1,T2>"
C:\Users\User\Desktop\Програмирование\gb c++\Четверть 2\ООП на примере C++\Урок 5\Урок 5\Урок 5.cpp(95,1): error C2955: "Pair": для использования класс шаблон требуется список аргументов шаблон
C:\Users\User\Desktop\Програмирование\gb c++\Четверть 2\ООП на примере C++\Урок 5\Урок 5\Урок 5.cpp(32): message : см. объявление "Pair"
C:\Users\User\Desktop\Програмирование\gb c++\Четверть 2\ООП на примере C++\Урок 5\Урок 5\Урок 5.cpp(99,17): error C2760: синтаксическая ошибка: непредвиденный токен "идентификатор"; требуется ")"
C:\Users\User\Desktop\Програмирование\gb c++\Четверть 2\ООП на примере C++\Урок 5\Урок 5\Урок 5.cpp(104,1): error C2993: "char *": не является допустимым типом для параметра шаблона "T1", не являющегося типом.
C:\Users\User\Desktop\Програмирование\gb c++\Четверть 2\ООП на примере C++\Урок 5\Урок 5\Урок 5.cpp(111,2): error C3855: StringValuePair: параметр шаблон "T1" несовместим с объявлением
C:\Users\User\Desktop\Програмирование\gb c++\Четверть 2\ООП на примере C++\Урок 5\Урок 5\Урок 5.cpp(111,2): error C2976: StringValuePair: слишком мало аргументов шаблон
C:\Users\User\Desktop\Програмирование\gb c++\Четверть 2\ООП на примере C++\Урок 5\Урок 5\Урок 5.cpp(104): message : см. объявление "StringValuePair"
C:\Users\User\Desktop\Програмирование\gb c++\Четверть 2\ООП на примере C++\Урок 5\Урок 5\Урок 5.cpp(216,42): error C2514: "StringValuePair": невозможно создать шаблон класса.
C:\Users\User\Desktop\Програмирование\gb c++\Четверть 2\ООП на примере C++\Урок 5\Урок 5\Урок 5.cpp(104): message : см. объявление "StringValuePair"
C:\Users\User\Desktop\Програмирование\gb c++\Четверть 2\ООП на примере C++\Урок 5\Урок 5\Урок 5.cpp(217,34): error C2039: "first": не является членом "StringValuePair".
C:\Users\User\Desktop\Програмирование\gb c++\Четверть 2\ООП на примере C++\Урок 5\Урок 5\Урок 5.cpp(104): message : см. объявление "StringValuePair"
C:\Users\User\Desktop\Програмирование\gb c++\Четверть 2\ООП на примере C++\Урок 5\Урок 5\Урок 5.cpp(217,56): error C2039: "second": не является членом "StringValuePair".
C:\Users\User\Desktop\Програмирование\gb c++\Четверть 2\ООП на примере C++\Урок 5\Урок 5\Урок 5.cpp(104): message : см. объявление "StringValuePair"
